[ 2014-11-26T17:38:10+08:00 ] 113.240.114.82 /admin.php/Home/Login/Login.html
INFO: [ app_begin ] --START--
INFO: Run Behavior\ReadHtmlCacheBehavior [ RunTime:0.000499s ]
INFO: [ app_begin ] --END-- [ RunTime:0.000814s ]
SQL: SHOW COLUMNS FROM `cs_adminuser` [ RunTime:0.002260s ]
SQL: SELECT * FROM `cs_adminuser` WHERE `email` = '' LIMIT 1   [ RunTime:0.001703s ]
NOTIC: [8] Use of undefined constant msg - assumed 'msg' /data/home/hxu0440223/htdocs/Admin/Home/Controller/LoginController.class.php 第 28 行.

[ 2014-11-26T17:38:20+08:00 ] 113.240.114.82 /admin.php/Home/Login/Login.html
INFO: [ app_begin ] --START--
INFO: Run Behavior\ReadHtmlCacheBehavior [ RunTime:0.000712s ]
INFO: [ app_begin ] --END-- [ RunTime:0.001170s ]
SQL: SHOW COLUMNS FROM `cs_adminuser` [ RunTime:0.002414s ]
SQL: SELECT * FROM `cs_adminuser` WHERE `email` = '278203533@qq.com' LIMIT 1   [ RunTime:0.001843s ]
NOTIC: [8] Use of undefined constant data - assumed 'data' /data/home/hxu0440223/htdocs/Admin/Home/Controller/LoginController.class.php 第 22 行.

[ 2014-11-26T21:31:29+08:00 ] 118.206.224.116 /admin.php/Home/Login/Login.html
INFO: [ app_begin ] --START--
INFO: Run Behavior\ReadHtmlCacheBehavior [ RunTime:0.000643s ]
INFO: [ app_begin ] --END-- [ RunTime:0.001183s ]
SQL: SHOW COLUMNS FROM `cs_adminuser` [ RunTime:0.002170s ]
SQL: SELECT * FROM `cs_adminuser` WHERE `email` = '278203533@qq.com' LIMIT 1   [ RunTime:0.001466s ]
NOTIC: [8] Use of undefined constant data - assumed 'data' /data/home/hxu0440223/htdocs/Admin/Home/Controller/LoginController.class.php 第 22 行.

