[ 2014-11-05T08:46:43+08:00 ] 113.246.3.61 /admin.php/Home/Login/Login.html
INFO: [ app_begin ] --START--
INFO: Run Behavior\ReadHtmlCacheBehavior [ RunTime:0.000556s ]
INFO: [ app_begin ] --END-- [ RunTime:0.000938s ]
SQL: SHOW COLUMNS FROM `cs_adminuser` [ RunTime:0.002349s ]
SQL: SELECT * FROM `cs_adminuser` WHERE `email` = '278203533@qq.com' LIMIT 1   [ RunTime:0.001749s ]
NOTIC: [8] Use of undefined constant msg - assumed 'msg' /data/home/hxu0440223/htdocs/Admin/Home/Controller/LoginController.class.php 第 28 行.

[ 2014-11-05T08:46:49+08:00 ] 113.246.3.61 /admin.php/Home/Login/Login.html
INFO: [ app_begin ] --START--
INFO: Run Behavior\ReadHtmlCacheBehavior [ RunTime:0.000461s ]
INFO: [ app_begin ] --END-- [ RunTime:0.000843s ]
SQL: SHOW COLUMNS FROM `cs_adminuser` [ RunTime:0.002535s ]
SQL: SELECT * FROM `cs_adminuser` WHERE `email` = '278203533@qq.com' LIMIT 1   [ RunTime:0.001690s ]
NOTIC: [8] Use of undefined constant data - assumed 'data' /data/home/hxu0440223/htdocs/Admin/Home/Controller/LoginController.class.php 第 22 行.

[ 2014-11-05T09:13:03+08:00 ] 113.246.3.61 /admin.php/Home/Login/Login.html
INFO: [ app_begin ] --START--
INFO: Run Behavior\ReadHtmlCacheBehavior [ RunTime:0.000482s ]
INFO: [ app_begin ] --END-- [ RunTime:0.000827s ]
SQL: SHOW COLUMNS FROM `cs_adminuser` [ RunTime:0.002474s ]
SQL: SELECT * FROM `cs_adminuser` WHERE `email` = '278203533@qq.com' LIMIT 1   [ RunTime:0.001643s ]
NOTIC: [8] Use of undefined constant data - assumed 'data' /data/home/hxu0440223/htdocs/Admin/Home/Controller/LoginController.class.php 第 22 行.

[ 2014-11-05T22:52:02+08:00 ] 111.22.0.212 /admin.php/Home/Login/Login.html
INFO: [ app_begin ] --START--
INFO: Run Behavior\ReadHtmlCacheBehavior [ RunTime:0.000517s ]
INFO: [ app_begin ] --END-- [ RunTime:0.000838s ]
SQL: SHOW COLUMNS FROM `cs_adminuser` [ RunTime:0.002219s ]
SQL: SELECT * FROM `cs_adminuser` WHERE `email` = '278203533@qq.com' LIMIT 1   [ RunTime:0.001639s ]
NOTIC: [8] Use of undefined constant data - assumed 'data' /data/home/hxu0440223/htdocs/Admin/Home/Controller/LoginController.class.php 第 22 行.

