[ 2014-10-29T20:57:53+08:00 ] 127.0.0.1 /admin.php/Home/login/login.html
INFO: [ app_begin ] --START--
INFO: Run Behavior\ReadHtmlCacheBehavior [ RunTime:0.001000s ]
INFO: [ app_begin ] --END-- [ RunTime:0.001000s ]
NOTIC: [8192] mysql_connect(): The mysql extension is deprecated and will be removed in the future: use mysqli or PDO instead D:\xampp\htdocs\cosplay\ThinkPHP\Library\Think\Db\Driver\Mysql.class.php 第 52 行.
SQL: SHOW COLUMNS FROM `cs_adminuser` [ RunTime:0.281201s ]
SQL: SELECT * FROM `cs_adminuser` WHERE `email` = '278203533@qq.com' LIMIT 1   [ RunTime:0.078000s ]
INFO: [ view_parse ] --START--
NOTIC: [2] file_get_contents(./Admin/Home/View/Public/head.html): failed to open stream: No such file or directory D:\xampp\htdocs\cosplay\ThinkPHP\Library\Think\Template.class.php 第 696 行.
INFO: [ template_filter ] --START--
INFO: Run Behavior\ContentReplaceBehavior [ RunTime:0.000000s ]
INFO: [ template_filter ] --END-- [ RunTime:0.000000s ]
INFO: Run Behavior\ParseTemplateBehavior [ RunTime:0.015600s ]
INFO: [ view_parse ] --END-- [ RunTime:0.015600s ]
INFO: [ view_filter ] --START--
INFO: Run Behavior\WriteHtmlCacheBehavior [ RunTime:0.000000s ]
INFO: [ view_filter ] --END-- [ RunTime:0.000000s ]
INFO: [ app_end ] --START--
INFO: Run Behavior\ShowPageTraceBehavior [ RunTime:0.000000s ]
INFO: [ app_end ] --END-- [ RunTime:0.000000s ]
NOTIC: [2] file_put_contents(./Admin/Admin/Model/RoleModel.class.php): failed to open stream: No such file or directory D:\xampp\htdocs\cosplay\ThinkPHP\Library\Think\Build.class.php 第 136 行.

[ 2014-10-29T20:58:12+08:00 ] 127.0.0.1 /admin.php/Home/login/login.html
INFO: [ app_begin ] --START--
INFO: Run Behavior\ReadHtmlCacheBehavior [ RunTime:0.000000s ]
INFO: [ app_begin ] --END-- [ RunTime:0.001000s ]
NOTIC: [8192] mysql_connect(): The mysql extension is deprecated and will be removed in the future: use mysqli or PDO instead D:\xampp\htdocs\cosplay\ThinkPHP\Library\Think\Db\Driver\Mysql.class.php 第 52 行.
SQL: SHOW COLUMNS FROM `cs_adminuser` [ RunTime:0.000000s ]
SQL: SELECT * FROM `cs_adminuser` WHERE `email` = '278203533@qq.com' LIMIT 1   [ RunTime:0.000000s ]
INFO: [ view_parse ] --START--
NOTIC: [2] file_get_contents(./Admin/Home/View/Public/head.html): failed to open stream: No such file or directory D:\xampp\htdocs\cosplay\ThinkPHP\Library\Think\Template.class.php 第 696 行.
INFO: [ template_filter ] --START--
INFO: Run Behavior\ContentReplaceBehavior [ RunTime:0.000000s ]
INFO: [ template_filter ] --END-- [ RunTime:0.000000s ]
INFO: Run Behavior\ParseTemplateBehavior [ RunTime:0.015600s ]
INFO: [ view_parse ] --END-- [ RunTime:0.015600s ]
INFO: [ view_filter ] --START--
INFO: Run Behavior\WriteHtmlCacheBehavior [ RunTime:0.000000s ]
INFO: [ view_filter ] --END-- [ RunTime:0.000000s ]
INFO: [ app_end ] --START--
INFO: Run Behavior\ShowPageTraceBehavior [ RunTime:0.000000s ]
INFO: [ app_end ] --END-- [ RunTime:0.000000s ]
NOTIC: [2] file_put_contents(./Admin/Admin/Model/RoleModel.class.php): failed to open stream: No such file or directory D:\xampp\htdocs\cosplay\ThinkPHP\Library\Think\Build.class.php 第 136 行.

[ 2014-10-29T21:05:36+08:00 ] 127.0.0.1 /admin.php/Home/login/login.html
INFO: [ app_begin ] --START--
INFO: Run Behavior\ReadHtmlCacheBehavior [ RunTime:0.000000s ]
INFO: [ app_begin ] --END-- [ RunTime:0.002000s ]
NOTIC: [8192] mysql_connect(): The mysql extension is deprecated and will be removed in the future: use mysqli or PDO instead D:\xampp\htdocs\cosplay\ThinkPHP\Library\Think\Db\Driver\Mysql.class.php 第 52 行.
SQL: SHOW COLUMNS FROM `cs_adminuser` [ RunTime:0.005000s ]
SQL: SELECT * FROM `cs_adminuser` WHERE `email` = '278203533@qq.com' LIMIT 1   [ RunTime:0.001000s ]
INFO: [ view_parse ] --START--
NOTIC: [2] file_get_contents(./Admin/Home/View/Public/head.html): failed to open stream: No such file or directory D:\xampp\htdocs\cosplay\ThinkPHP\Library\Think\Template.class.php 第 696 行.
INFO: [ template_filter ] --START--
INFO: Run Behavior\ContentReplaceBehavior [ RunTime:0.000000s ]
INFO: [ template_filter ] --END-- [ RunTime:0.000000s ]
INFO: Run Behavior\ParseTemplateBehavior [ RunTime:0.009001s ]
INFO: [ view_parse ] --END-- [ RunTime:0.009001s ]
INFO: [ view_filter ] --START--
INFO: Run Behavior\WriteHtmlCacheBehavior [ RunTime:0.001000s ]
INFO: [ view_filter ] --END-- [ RunTime:0.001000s ]
INFO: [ app_end ] --START--
INFO: Run Behavior\ShowPageTraceBehavior [ RunTime:0.001000s ]
INFO: [ app_end ] --END-- [ RunTime:0.001000s ]
NOTIC: [2] file_put_contents(./Admin/Admin/Model/RoleModel.class.php): failed to open stream: No such file or directory D:\xampp\htdocs\cosplay\ThinkPHP\Library\Think\Build.class.php 第 136 行.

[ 2014-10-29T21:05:42+08:00 ] 127.0.0.1 /admin.php/Home/login/login.html
INFO: [ app_begin ] --START--
INFO: Run Behavior\ReadHtmlCacheBehavior [ RunTime:0.001000s ]
INFO: [ app_begin ] --END-- [ RunTime:0.002000s ]
NOTIC: [8192] mysql_connect(): The mysql extension is deprecated and will be removed in the future: use mysqli or PDO instead D:\xampp\htdocs\cosplay\ThinkPHP\Library\Think\Db\Driver\Mysql.class.php 第 52 行.
SQL: SHOW COLUMNS FROM `cs_adminuser` [ RunTime:0.004001s ]
SQL: SELECT * FROM `cs_adminuser` WHERE `email` = '278203533@qq.com' LIMIT 1   [ RunTime:0.000000s ]
INFO: [ view_parse ] --START--
NOTIC: [2] file_get_contents(./Admin/Home/View/Public/head.html): failed to open stream: No such file or directory D:\xampp\htdocs\cosplay\ThinkPHP\Library\Think\Template.class.php 第 696 行.
INFO: [ template_filter ] --START--
INFO: Run Behavior\ContentReplaceBehavior [ RunTime:0.000000s ]
INFO: [ template_filter ] --END-- [ RunTime:0.001000s ]
INFO: Run Behavior\ParseTemplateBehavior [ RunTime:0.009000s ]
INFO: [ view_parse ] --END-- [ RunTime:0.011000s ]
INFO: [ view_filter ] --START--
INFO: Run Behavior\WriteHtmlCacheBehavior [ RunTime:0.001000s ]
INFO: [ view_filter ] --END-- [ RunTime:0.001000s ]
INFO: [ app_end ] --START--
INFO: Run Behavior\ShowPageTraceBehavior [ RunTime:0.001000s ]
INFO: [ app_end ] --END-- [ RunTime:0.001000s ]
NOTIC: [2] file_put_contents(./Admin/Admin/Model/RoleModel.class.php): failed to open stream: No such file or directory D:\xampp\htdocs\cosplay\ThinkPHP\Library\Think\Build.class.php 第 136 行.

[ 2014-10-29T21:11:40+08:00 ] 127.0.0.1 /admin.php/Home/login/login.html
INFO: [ app_begin ] --START--
INFO: Run Behavior\ReadHtmlCacheBehavior [ RunTime:0.000000s ]
INFO: [ app_begin ] --END-- [ RunTime:0.001000s ]
NOTIC: [8192] mysql_connect(): The mysql extension is deprecated and will be removed in the future: use mysqli or PDO instead D:\xampp\htdocs\cosplay\ThinkPHP\Library\Think\Db\Driver\Mysql.class.php 第 52 行.
SQL: SHOW COLUMNS FROM `cs_adminuser` [ RunTime:0.004001s ]
SQL: SELECT * FROM `cs_adminuser` WHERE `email` = '278203533@qq.com' LIMIT 1   [ RunTime:0.000000s ]
NOTIC: [8] Use of undefined constant data - assumed 'data' D:\xampp\htdocs\cosplay\Admin\Home\Controller\LoginController.class.php 第 20 行.

[ 2014-10-29T21:12:23+08:00 ] 127.0.0.1 /admin.php/Home/login/login.html
INFO: [ app_begin ] --START--
INFO: Run Behavior\ReadHtmlCacheBehavior [ RunTime:0.003000s ]
INFO: [ app_begin ] --END-- [ RunTime:0.003000s ]
NOTIC: [8192] mysql_connect(): The mysql extension is deprecated and will be removed in the future: use mysqli or PDO instead D:\xampp\htdocs\cosplay\ThinkPHP\Library\Think\Db\Driver\Mysql.class.php 第 52 行.
SQL: SHOW COLUMNS FROM `cs_adminuser` [ RunTime:0.005001s ]
SQL: SELECT * FROM `cs_adminuser` WHERE `email` = '278203533@qq.com' LIMIT 1   [ RunTime:0.001000s ]
NOTIC: [8] Use of undefined constant data - assumed 'data' D:\xampp\htdocs\cosplay\Admin\Home\Controller\LoginController.class.php 第 20 行.

[ 2014-10-29T21:18:02+08:00 ] 127.0.0.1 /admin.php/Home/login/login.html
INFO: [ app_begin ] --START--
INFO: Run Behavior\ReadHtmlCacheBehavior [ RunTime:0.000000s ]
INFO: [ app_begin ] --END-- [ RunTime:0.002000s ]
NOTIC: [8192] mysql_connect(): The mysql extension is deprecated and will be removed in the future: use mysqli or PDO instead D:\xampp\htdocs\cosplay\ThinkPHP\Library\Think\Db\Driver\Mysql.class.php 第 52 行.
SQL: SHOW COLUMNS FROM `cs_adminuser` [ RunTime:0.024001s ]
SQL: SELECT * FROM `cs_adminuser` WHERE `email` = '278203533@qq.com' LIMIT 1   [ RunTime:0.001001s ]
NOTIC: [8] Use of undefined constant data - assumed 'data' D:\xampp\htdocs\cosplay\Admin\Home\Controller\LoginController.class.php 第 27 行.

[ 2014-10-29T21:18:22+08:00 ] 127.0.0.1 /admin.php/Home/login/login.html
INFO: [ app_begin ] --START--
INFO: Run Behavior\ReadHtmlCacheBehavior [ RunTime:0.001000s ]
INFO: [ app_begin ] --END-- [ RunTime:0.002000s ]
NOTIC: [8192] mysql_connect(): The mysql extension is deprecated and will be removed in the future: use mysqli or PDO instead D:\xampp\htdocs\cosplay\ThinkPHP\Library\Think\Db\Driver\Mysql.class.php 第 52 行.
SQL: SHOW COLUMNS FROM `cs_adminuser` [ RunTime:0.006001s ]
SQL: SELECT * FROM `cs_adminuser` WHERE `email` = '278203533@qq.com' LIMIT 1   [ RunTime:0.001000s ]
NOTIC: [8] Use of undefined constant data - assumed 'data' D:\xampp\htdocs\cosplay\Admin\Home\Controller\LoginController.class.php 第 21 行.

[ 2014-10-29T21:18:42+08:00 ] 127.0.0.1 /admin.php/Home/login/login.html
INFO: [ app_begin ] --START--
INFO: Run Behavior\ReadHtmlCacheBehavior [ RunTime:0.000000s ]
INFO: [ app_begin ] --END-- [ RunTime:0.002000s ]
NOTIC: [8192] mysql_connect(): The mysql extension is deprecated and will be removed in the future: use mysqli or PDO instead D:\xampp\htdocs\cosplay\ThinkPHP\Library\Think\Db\Driver\Mysql.class.php 第 52 行.
SQL: SHOW COLUMNS FROM `cs_adminuser` [ RunTime:0.005000s ]
SQL: SELECT * FROM `cs_adminuser` WHERE `email` = '278203533@qq.com' LIMIT 1   [ RunTime:0.001001s ]
NOTIC: [8] Use of undefined constant msg - assumed 'msg' D:\xampp\htdocs\cosplay\Admin\Home\Controller\LoginController.class.php 第 27 行.

[ 2014-10-29T21:18:42+08:00 ] 127.0.0.1 /admin.php/Home/Login/undefined
ERR: 非法操作:undefined

[ 2014-10-29T21:19:21+08:00 ] 127.0.0.1 /admin.php/Home/login/login.html
INFO: [ app_begin ] --START--
INFO: Run Behavior\ReadHtmlCacheBehavior [ RunTime:0.003000s ]
INFO: [ app_begin ] --END-- [ RunTime:0.003000s ]
NOTIC: [8192] mysql_connect(): The mysql extension is deprecated and will be removed in the future: use mysqli or PDO instead D:\xampp\htdocs\cosplay\ThinkPHP\Library\Think\Db\Driver\Mysql.class.php 第 52 行.
SQL: SHOW COLUMNS FROM `cs_adminuser` [ RunTime:0.004000s ]
SQL: SELECT * FROM `cs_adminuser` WHERE `email` = '278203533@qq.com' LIMIT 1   [ RunTime:0.000000s ]
NOTIC: [8] Use of undefined constant msg - assumed 'msg' D:\xampp\htdocs\cosplay\Admin\Home\Controller\LoginController.class.php 第 27 行.

[ 2014-10-29T21:19:26+08:00 ] 127.0.0.1 /admin.php/Home/login/login.html
INFO: [ app_begin ] --START--
INFO: Run Behavior\ReadHtmlCacheBehavior [ RunTime:0.001000s ]
INFO: [ app_begin ] --END-- [ RunTime:0.001000s ]
NOTIC: [8192] mysql_connect(): The mysql extension is deprecated and will be removed in the future: use mysqli or PDO instead D:\xampp\htdocs\cosplay\ThinkPHP\Library\Think\Db\Driver\Mysql.class.php 第 52 行.
SQL: SHOW COLUMNS FROM `cs_adminuser` [ RunTime:0.004001s ]
SQL: SELECT * FROM `cs_adminuser` WHERE `email` = '278203533@qq.com' LIMIT 1   [ RunTime:0.001000s ]
NOTIC: [8] Use of undefined constant msg - assumed 'msg' D:\xampp\htdocs\cosplay\Admin\Home\Controller\LoginController.class.php 第 27 行.

[ 2014-10-29T21:19:31+08:00 ] 127.0.0.1 /admin.php/Home/login/login.html
INFO: [ app_begin ] --START--
INFO: Run Behavior\ReadHtmlCacheBehavior [ RunTime:0.001001s ]
INFO: [ app_begin ] --END-- [ RunTime:0.002001s ]
NOTIC: [8192] mysql_connect(): The mysql extension is deprecated and will be removed in the future: use mysqli or PDO instead D:\xampp\htdocs\cosplay\ThinkPHP\Library\Think\Db\Driver\Mysql.class.php 第 52 行.
SQL: SHOW COLUMNS FROM `cs_adminuser` [ RunTime:0.003000s ]
SQL: SELECT * FROM `cs_adminuser` WHERE `email` = '278203533@qq.com' LIMIT 1   [ RunTime:0.001000s ]
NOTIC: [8] Use of undefined constant data - assumed 'data' D:\xampp\htdocs\cosplay\Admin\Home\Controller\LoginController.class.php 第 21 行.

