[ 2014-10-26T00:02:07+08:00 ] 127.0.0.1 /admin.php/Home/login/login.html
INFO: [ app_begin ] --START--
INFO: Run Behavior\ReadHtmlCacheBehavior [ RunTime:0.001000s ]
INFO: [ app_begin ] --END-- [ RunTime:0.002000s ]
ERR: Think\Controller:md5方法不存在！

[ 2014-10-26T00:02:29+08:00 ] 127.0.0.1 /admin.php/Home/login/login.html
INFO: [ app_begin ] --START--
INFO: Run Behavior\ReadHtmlCacheBehavior [ RunTime:0.001000s ]
INFO: [ app_begin ] --END-- [ RunTime:0.001000s ]
NOTIC: [8] Undefined variable: th D:\xampp\htdocs\cosplay\Admin\Home\Controller\LoginController.class.php 第 17 行.
NOTIC: [8] Undefined variable: adminuser D:\xampp\htdocs\cosplay\Admin\Home\Controller\LoginController.class.php 第 18 行.

[ 2014-10-26T00:03:56+08:00 ] 127.0.0.1 /admin.php/Home/login/login.html
INFO: [ app_begin ] --START--
INFO: Run Behavior\ReadHtmlCacheBehavior [ RunTime:0.001000s ]
INFO: [ app_begin ] --END-- [ RunTime:0.002000s ]
NOTIC: [8192] mysql_connect(): The mysql extension is deprecated and will be removed in the future: use mysqli or PDO instead D:\xampp\htdocs\cosplay\ThinkPHP\Library\Think\Db\Driver\Mysql.class.php 第 52 行.
SQL: SHOW COLUMNS FROM `cs_adminuser` [ RunTime:0.017001s ]
SQL: SELECT * FROM `cs_adminuser` WHERE ( email =278203533@qq.com )  [ RunTime:0.086005s ]
ERR: 1064:You have an error in your SQL syntax; check the manual that corresponds to your MySQL server version for the right syntax to use near '@qq.com )' at line 1
 [ SQL语句 ] : SELECT * FROM `cs_adminuser` WHERE ( email =278203533@qq.com ) 
INFO: [ view_parse ] --START--
NOTIC: [2] file_get_contents(./Admin/Home/View/Public/head.html): failed to open stream: No such file or directory D:\xampp\htdocs\cosplay\ThinkPHP\Library\Think\Template.class.php 第 696 行.
INFO: [ template_filter ] --START--
INFO: Run Behavior\ContentReplaceBehavior [ RunTime:0.000000s ]
INFO: [ template_filter ] --END-- [ RunTime:0.000000s ]
INFO: Run Behavior\ParseTemplateBehavior [ RunTime:0.030002s ]
INFO: [ view_parse ] --END-- [ RunTime:0.030002s ]
INFO: [ view_filter ] --START--
INFO: Run Behavior\WriteHtmlCacheBehavior [ RunTime:0.001000s ]
INFO: [ view_filter ] --END-- [ RunTime:0.001000s ]
INFO: [ app_end ] --START--
INFO: Run Behavior\ShowPageTraceBehavior [ RunTime:0.001000s ]
INFO: [ app_end ] --END-- [ RunTime:0.001000s ]
NOTIC: [2] file_put_contents(./Admin/Admin/Model/RoleModel.class.php): failed to open stream: No such file or directory D:\xampp\htdocs\cosplay\ThinkPHP\Library\Think\Build.class.php 第 136 行.

[ 2014-10-26T00:04:18+08:00 ] 127.0.0.1 /admin.php/Home/login/login.html
INFO: [ app_begin ] --START--
INFO: Run Behavior\ReadHtmlCacheBehavior [ RunTime:0.001000s ]
INFO: [ app_begin ] --END-- [ RunTime:0.001000s ]
NOTIC: [8192] mysql_connect(): The mysql extension is deprecated and will be removed in the future: use mysqli or PDO instead D:\xampp\htdocs\cosplay\ThinkPHP\Library\Think\Db\Driver\Mysql.class.php 第 52 行.
SQL: SHOW COLUMNS FROM `cs_adminuser` [ RunTime:0.007000s ]
SQL: SELECT * FROM `cs_adminuser` WHERE ( email =278203533@qq.com )  [ RunTime:0.001000s ]
ERR: 1064:You have an error in your SQL syntax; check the manual that corresponds to your MySQL server version for the right syntax to use near '@qq.com )' at line 1
 [ SQL语句 ] : SELECT * FROM `cs_adminuser` WHERE ( email =278203533@qq.com ) 
INFO: [ view_parse ] --START--
NOTIC: [2] file_get_contents(./Admin/Home/View/Public/head.html): failed to open stream: No such file or directory D:\xampp\htdocs\cosplay\ThinkPHP\Library\Think\Template.class.php 第 696 行.
INFO: [ template_filter ] --START--
INFO: Run Behavior\ContentReplaceBehavior [ RunTime:0.000000s ]
INFO: [ template_filter ] --END-- [ RunTime:0.000000s ]
INFO: Run Behavior\ParseTemplateBehavior [ RunTime:0.009001s ]
INFO: [ view_parse ] --END-- [ RunTime:0.010001s ]
INFO: [ view_filter ] --START--
INFO: Run Behavior\WriteHtmlCacheBehavior [ RunTime:0.001000s ]
INFO: [ view_filter ] --END-- [ RunTime:0.001000s ]
INFO: [ app_end ] --START--
INFO: Run Behavior\ShowPageTraceBehavior [ RunTime:0.001000s ]
INFO: [ app_end ] --END-- [ RunTime:0.001000s ]
NOTIC: [2] file_put_contents(./Admin/Admin/Model/RoleModel.class.php): failed to open stream: No such file or directory D:\xampp\htdocs\cosplay\ThinkPHP\Library\Think\Build.class.php 第 136 行.

[ 2014-10-26T00:04:50+08:00 ] 127.0.0.1 /admin.php/Home/login/login.html
INFO: [ app_begin ] --START--
INFO: Run Behavior\ReadHtmlCacheBehavior [ RunTime:0.002000s ]
INFO: [ app_begin ] --END-- [ RunTime:0.003000s ]
NOTIC: [8192] mysql_connect(): The mysql extension is deprecated and will be removed in the future: use mysqli or PDO instead D:\xampp\htdocs\cosplay\ThinkPHP\Library\Think\Db\Driver\Mysql.class.php 第 52 行.
SQL: SHOW COLUMNS FROM `cs_adminuser` [ RunTime:0.004001s ]
SQL: SELECT * FROM `cs_adminuser` WHERE ( email =278203533@qq.com )  [ RunTime:0.000000s ]
ERR: 1064:You have an error in your SQL syntax; check the manual that corresponds to your MySQL server version for the right syntax to use near '@qq.com )' at line 1
 [ SQL语句 ] : SELECT * FROM `cs_adminuser` WHERE ( email =278203533@qq.com ) 
INFO: [ view_parse ] --START--
NOTIC: [2] file_get_contents(./Admin/Home/View/Public/head.html): failed to open stream: No such file or directory D:\xampp\htdocs\cosplay\ThinkPHP\Library\Think\Template.class.php 第 696 行.
INFO: [ template_filter ] --START--
INFO: Run Behavior\ContentReplaceBehavior [ RunTime:0.000000s ]
INFO: [ template_filter ] --END-- [ RunTime:0.000000s ]
INFO: Run Behavior\ParseTemplateBehavior [ RunTime:0.012001s ]
INFO: [ view_parse ] --END-- [ RunTime:0.012001s ]
INFO: [ view_filter ] --START--
INFO: Run Behavior\WriteHtmlCacheBehavior [ RunTime:0.000000s ]
INFO: [ view_filter ] --END-- [ RunTime:0.000000s ]
INFO: [ app_end ] --START--
INFO: Run Behavior\ShowPageTraceBehavior [ RunTime:0.001000s ]
INFO: [ app_end ] --END-- [ RunTime:0.001000s ]
NOTIC: [2] file_put_contents(./Admin/Admin/Model/RoleModel.class.php): failed to open stream: No such file or directory D:\xampp\htdocs\cosplay\ThinkPHP\Library\Think\Build.class.php 第 136 行.

[ 2014-10-26T00:05:06+08:00 ] 127.0.0.1 /admin.php/Home/login/login.html
INFO: [ app_begin ] --START--
INFO: Run Behavior\ReadHtmlCacheBehavior [ RunTime:0.001000s ]
INFO: [ app_begin ] --END-- [ RunTime:0.001000s ]
NOTIC: [8192] mysql_connect(): The mysql extension is deprecated and will be removed in the future: use mysqli or PDO instead D:\xampp\htdocs\cosplay\ThinkPHP\Library\Think\Db\Driver\Mysql.class.php 第 52 行.
SQL: SHOW COLUMNS FROM `cs_adminuser` [ RunTime:0.005000s ]
SQL: SELECT * FROM `cs_adminuser` WHERE ( email =278203533@qq.com )  [ RunTime:0.000000s ]
ERR: 1064:You have an error in your SQL syntax; check the manual that corresponds to your MySQL server version for the right syntax to use near '@qq.com )' at line 1
 [ SQL语句 ] : SELECT * FROM `cs_adminuser` WHERE ( email =278203533@qq.com ) 
INFO: [ view_parse ] --START--
NOTIC: [2] file_get_contents(./Admin/Home/View/Public/head.html): failed to open stream: No such file or directory D:\xampp\htdocs\cosplay\ThinkPHP\Library\Think\Template.class.php 第 696 行.
INFO: [ template_filter ] --START--
INFO: Run Behavior\ContentReplaceBehavior [ RunTime:0.000000s ]
INFO: [ template_filter ] --END-- [ RunTime:0.000000s ]
INFO: Run Behavior\ParseTemplateBehavior [ RunTime:0.010001s ]
INFO: [ view_parse ] --END-- [ RunTime:0.010001s ]
INFO: [ view_filter ] --START--
INFO: Run Behavior\WriteHtmlCacheBehavior [ RunTime:0.001000s ]
INFO: [ view_filter ] --END-- [ RunTime:0.001000s ]
INFO: [ app_end ] --START--
INFO: Run Behavior\ShowPageTraceBehavior [ RunTime:0.001000s ]
INFO: [ app_end ] --END-- [ RunTime:0.001000s ]
NOTIC: [2] file_put_contents(./Admin/Admin/Model/RoleModel.class.php): failed to open stream: No such file or directory D:\xampp\htdocs\cosplay\ThinkPHP\Library\Think\Build.class.php 第 136 行.

[ 2014-10-26T00:05:58+08:00 ] 127.0.0.1 /admin.php/Home/login/login.html
INFO: [ app_begin ] --START--
INFO: Run Behavior\ReadHtmlCacheBehavior [ RunTime:0.002001s ]
INFO: [ app_begin ] --END-- [ RunTime:0.003001s ]
NOTIC: [8192] mysql_connect(): The mysql extension is deprecated and will be removed in the future: use mysqli or PDO instead D:\xampp\htdocs\cosplay\ThinkPHP\Library\Think\Db\Driver\Mysql.class.php 第 52 行.
SQL: SHOW COLUMNS FROM `cs_adminuser` [ RunTime:0.005000s ]
SQL: SELECT * FROM `cs_adminuser` WHERE `email` = '278203533@qq.com' LIMIT 1   [ RunTime:0.001000s ]
INFO: [ view_parse ] --START--
NOTIC: [2] file_get_contents(./Admin/Home/View/Public/head.html): failed to open stream: No such file or directory D:\xampp\htdocs\cosplay\ThinkPHP\Library\Think\Template.class.php 第 696 行.
INFO: [ template_filter ] --START--
INFO: Run Behavior\ContentReplaceBehavior [ RunTime:0.000000s ]
INFO: [ template_filter ] --END-- [ RunTime:0.000000s ]
INFO: Run Behavior\ParseTemplateBehavior [ RunTime:0.010001s ]
INFO: [ view_parse ] --END-- [ RunTime:0.010001s ]
INFO: [ view_filter ] --START--
INFO: Run Behavior\WriteHtmlCacheBehavior [ RunTime:0.000000s ]
INFO: [ view_filter ] --END-- [ RunTime:0.000000s ]
INFO: [ app_end ] --START--
INFO: Run Behavior\ShowPageTraceBehavior [ RunTime:0.000000s ]
INFO: [ app_end ] --END-- [ RunTime:0.001000s ]
NOTIC: [2] file_put_contents(./Admin/Admin/Model/RoleModel.class.php): failed to open stream: No such file or directory D:\xampp\htdocs\cosplay\ThinkPHP\Library\Think\Build.class.php 第 136 行.

[ 2014-10-26T15:06:59+08:00 ] 127.0.0.1 /admin.php/Home/login/login.html
INFO: [ app_begin ] --START--
INFO: Run Behavior\ReadHtmlCacheBehavior [ RunTime:0.001000s ]
INFO: [ app_begin ] --END-- [ RunTime:0.001000s ]
NOTIC: [8192] mysql_connect(): The mysql extension is deprecated and will be removed in the future: use mysqli or PDO instead D:\xampp\htdocs\cosplay\ThinkPHP\Library\Think\Db\Driver\Mysql.class.php 第 52 行.
SQL: SHOW COLUMNS FROM `cs_adminuser` [ RunTime:0.337010s ]
SQL: SELECT * FROM `cs_adminuser` WHERE `email` = '278203533@qq.com' LIMIT 1   [ RunTime:0.194011s ]
INFO: [ view_parse ] --START--
NOTIC: [2] file_get_contents(./Admin/Home/View/Public/head.html): failed to open stream: No such file or directory D:\xampp\htdocs\cosplay\ThinkPHP\Library\Think\Template.class.php 第 696 行.
INFO: [ template_filter ] --START--
INFO: Run Behavior\ContentReplaceBehavior [ RunTime:0.000000s ]
INFO: [ template_filter ] --END-- [ RunTime:0.000000s ]
INFO: Run Behavior\ParseTemplateBehavior [ RunTime:0.008000s ]
INFO: [ view_parse ] --END-- [ RunTime:0.008000s ]
INFO: [ view_filter ] --START--
INFO: Run Behavior\WriteHtmlCacheBehavior [ RunTime:0.000000s ]
INFO: [ view_filter ] --END-- [ RunTime:0.000000s ]
INFO: [ app_end ] --START--
INFO: Run Behavior\ShowPageTraceBehavior [ RunTime:0.000000s ]
INFO: [ app_end ] --END-- [ RunTime:0.000000s ]
NOTIC: [2] file_put_contents(./Admin/Admin/Model/RoleModel.class.php): failed to open stream: No such file or directory D:\xampp\htdocs\cosplay\ThinkPHP\Library\Think\Build.class.php 第 136 行.

[ 2014-10-26T15:14:00+08:00 ] 127.0.0.1 /admin.php/Home/login/login.html
INFO: [ app_begin ] --START--
INFO: Run Behavior\ReadHtmlCacheBehavior [ RunTime:0.000000s ]
INFO: [ app_begin ] --END-- [ RunTime:0.000000s ]
NOTIC: [8192] mysql_connect(): The mysql extension is deprecated and will be removed in the future: use mysqli or PDO instead D:\xampp\htdocs\cosplay\ThinkPHP\Library\Think\Db\Driver\Mysql.class.php 第 52 行.
SQL: SHOW COLUMNS FROM `cs_adminuser` [ RunTime:0.003000s ]
SQL: SELECT * FROM `cs_adminuser` WHERE `email` = '278203533@qq.com' LIMIT 1   [ RunTime:0.000000s ]

[ 2014-10-26T15:15:53+08:00 ] 127.0.0.1 /admin.php/Home/login/login.html
INFO: [ app_begin ] --START--
INFO: Run Behavior\ReadHtmlCacheBehavior [ RunTime:0.000000s ]
INFO: [ app_begin ] --END-- [ RunTime:0.000000s ]
NOTIC: [8192] mysql_connect(): The mysql extension is deprecated and will be removed in the future: use mysqli or PDO instead D:\xampp\htdocs\cosplay\ThinkPHP\Library\Think\Db\Driver\Mysql.class.php 第 52 行.
SQL: SHOW COLUMNS FROM `cs_adminuser` [ RunTime:0.003000s ]
SQL: SELECT * FROM `cs_adminuser` WHERE `email` = '278203533@qq.com' LIMIT 1   [ RunTime:0.000000s ]

[ 2014-10-26T15:16:24+08:00 ] 127.0.0.1 /admin.php/Home/login/login.html
INFO: [ app_begin ] --START--
INFO: Run Behavior\ReadHtmlCacheBehavior [ RunTime:0.000000s ]
INFO: [ app_begin ] --END-- [ RunTime:0.000000s ]
NOTIC: [8192] mysql_connect(): The mysql extension is deprecated and will be removed in the future: use mysqli or PDO instead D:\xampp\htdocs\cosplay\ThinkPHP\Library\Think\Db\Driver\Mysql.class.php 第 52 行.
SQL: SHOW COLUMNS FROM `cs_adminuser` [ RunTime:0.000000s ]
SQL: SELECT * FROM `cs_adminuser` WHERE `email` = '278203533@qq.com' LIMIT 1   [ RunTime:0.000000s ]
INFO: [ view_parse ] --START--
NOTIC: [2] file_get_contents(./Admin/Home/View/Public/head.html): failed to open stream: No such file or directory D:\xampp\htdocs\cosplay\ThinkPHP\Library\Think\Template.class.php 第 696 行.
INFO: [ template_filter ] --START--
INFO: Run Behavior\ContentReplaceBehavior [ RunTime:0.000000s ]
INFO: [ template_filter ] --END-- [ RunTime:0.000000s ]
INFO: Run Behavior\ParseTemplateBehavior [ RunTime:0.000000s ]
INFO: [ view_parse ] --END-- [ RunTime:0.000000s ]
INFO: [ view_filter ] --START--
INFO: Run Behavior\WriteHtmlCacheBehavior [ RunTime:0.000000s ]
INFO: [ view_filter ] --END-- [ RunTime:0.000000s ]
INFO: [ app_end ] --START--
INFO: Run Behavior\ShowPageTraceBehavior [ RunTime:0.015600s ]
INFO: [ app_end ] --END-- [ RunTime:0.015600s ]
NOTIC: [2] file_put_contents(./Admin/Admin/Model/RoleModel.class.php): failed to open stream: No such file or directory D:\xampp\htdocs\cosplay\ThinkPHP\Library\Think\Build.class.php 第 136 行.

[ 2014-10-26T15:16:36+08:00 ] 127.0.0.1 /admin.php/Home/login/login.html
INFO: [ app_begin ] --START--
INFO: Run Behavior\ReadHtmlCacheBehavior [ RunTime:0.000000s ]
INFO: [ app_begin ] --END-- [ RunTime:0.000000s ]
NOTIC: [8192] mysql_connect(): The mysql extension is deprecated and will be removed in the future: use mysqli or PDO instead D:\xampp\htdocs\cosplay\ThinkPHP\Library\Think\Db\Driver\Mysql.class.php 第 52 行.
SQL: SHOW COLUMNS FROM `cs_adminuser` [ RunTime:0.004000s ]
SQL: SELECT * FROM `cs_adminuser` WHERE `email` = '278203533@qq.com' LIMIT 1   [ RunTime:0.000000s ]
INFO: [ view_parse ] --START--
NOTIC: [2] file_get_contents(./Admin/Home/View/Public/head.html): failed to open stream: No such file or directory D:\xampp\htdocs\cosplay\ThinkPHP\Library\Think\Template.class.php 第 696 行.
INFO: [ template_filter ] --START--
INFO: Run Behavior\ContentReplaceBehavior [ RunTime:0.000000s ]
INFO: [ template_filter ] --END-- [ RunTime:0.000000s ]
INFO: Run Behavior\ParseTemplateBehavior [ RunTime:0.000000s ]
INFO: [ view_parse ] --END-- [ RunTime:0.000000s ]
INFO: [ view_filter ] --START--
INFO: Run Behavior\WriteHtmlCacheBehavior [ RunTime:0.000000s ]
INFO: [ view_filter ] --END-- [ RunTime:0.000000s ]
INFO: [ app_end ] --START--
INFO: Run Behavior\ShowPageTraceBehavior [ RunTime:0.000000s ]
INFO: [ app_end ] --END-- [ RunTime:0.000000s ]
NOTIC: [2] file_put_contents(./Admin/Admin/Model/RoleModel.class.php): failed to open stream: No such file or directory D:\xampp\htdocs\cosplay\ThinkPHP\Library\Think\Build.class.php 第 136 行.

[ 2014-10-26T15:18:23+08:00 ] 127.0.0.1 /admin.php/Home/login/login.html
INFO: [ app_begin ] --START--
INFO: Run Behavior\ReadHtmlCacheBehavior [ RunTime:0.000000s ]
INFO: [ app_begin ] --END-- [ RunTime:0.000000s ]
NOTIC: [8192] mysql_connect(): The mysql extension is deprecated and will be removed in the future: use mysqli or PDO instead D:\xampp\htdocs\cosplay\ThinkPHP\Library\Think\Db\Driver\Mysql.class.php 第 52 行.
SQL: SHOW COLUMNS FROM `cs_adminuser` [ RunTime:0.003000s ]
SQL: SELECT * FROM `cs_adminuser` WHERE `email` = '278203533@qq.com' LIMIT 1   [ RunTime:0.000000s ]
INFO: [ view_parse ] --START--
NOTIC: [2] file_get_contents(./Admin/Home/View/Public/head.html): failed to open stream: No such file or directory D:\xampp\htdocs\cosplay\ThinkPHP\Library\Think\Template.class.php 第 696 行.
INFO: [ template_filter ] --START--
INFO: Run Behavior\ContentReplaceBehavior [ RunTime:0.000000s ]
INFO: [ template_filter ] --END-- [ RunTime:0.000000s ]
INFO: Run Behavior\ParseTemplateBehavior [ RunTime:0.000000s ]
INFO: [ view_parse ] --END-- [ RunTime:0.000000s ]
INFO: [ view_filter ] --START--
INFO: Run Behavior\WriteHtmlCacheBehavior [ RunTime:0.000000s ]
INFO: [ view_filter ] --END-- [ RunTime:0.000000s ]
INFO: [ app_end ] --START--
INFO: Run Behavior\ShowPageTraceBehavior [ RunTime:0.000000s ]
INFO: [ app_end ] --END-- [ RunTime:0.000000s ]
NOTIC: [2] file_put_contents(./Admin/Admin/Model/RoleModel.class.php): failed to open stream: No such file or directory D:\xampp\htdocs\cosplay\ThinkPHP\Library\Think\Build.class.php 第 136 行.

[ 2014-10-26T15:19:00+08:00 ] 127.0.0.1 /admin.php/Home/login/login.html
INFO: [ app_begin ] --START--
INFO: Run Behavior\ReadHtmlCacheBehavior [ RunTime:0.001000s ]
INFO: [ app_begin ] --END-- [ RunTime:0.001000s ]
NOTIC: [8192] mysql_connect(): The mysql extension is deprecated and will be removed in the future: use mysqli or PDO instead D:\xampp\htdocs\cosplay\ThinkPHP\Library\Think\Db\Driver\Mysql.class.php 第 52 行.
SQL: SHOW COLUMNS FROM `cs_adminuser` [ RunTime:0.033200s ]
SQL: SELECT * FROM `cs_adminuser` WHERE `email` = '278203533@qq.com' LIMIT 1   [ RunTime:0.000000s ]
INFO: [ view_parse ] --START--
NOTIC: [2] file_get_contents(./Admin/Home/View/Public/head.html): failed to open stream: No such file or directory D:\xampp\htdocs\cosplay\ThinkPHP\Library\Think\Template.class.php 第 696 行.
INFO: [ template_filter ] --START--
INFO: Run Behavior\ContentReplaceBehavior [ RunTime:0.000000s ]
INFO: [ template_filter ] --END-- [ RunTime:0.000000s ]
INFO: Run Behavior\ParseTemplateBehavior [ RunTime:0.000000s ]
INFO: [ view_parse ] --END-- [ RunTime:0.000000s ]
INFO: [ view_filter ] --START--
INFO: Run Behavior\WriteHtmlCacheBehavior [ RunTime:0.000000s ]
INFO: [ view_filter ] --END-- [ RunTime:0.000000s ]
INFO: [ app_end ] --START--
INFO: Run Behavior\ShowPageTraceBehavior [ RunTime:0.015600s ]
INFO: [ app_end ] --END-- [ RunTime:0.015600s ]
NOTIC: [2] file_put_contents(./Admin/Admin/Model/RoleModel.class.php): failed to open stream: No such file or directory D:\xampp\htdocs\cosplay\ThinkPHP\Library\Think\Build.class.php 第 136 行.

[ 2014-10-26T15:19:19+08:00 ] 127.0.0.1 /admin.php/Home/index/inde
ERR: 非法操作:inde

[ 2014-10-26T15:27:31+08:00 ] 127.0.0.1 /admin.php/Home/blog/addarticle
ERR: 无法加载控制器:Blog

[ 2014-10-26T15:27:54+08:00 ] 127.0.0.1 /admin.php/Home/blog/addarticle
ERR: 无法加载控制器:Blog

[ 2014-10-26T15:28:07+08:00 ] 127.0.0.1 /admin.php/Home/blog/addarticle
ERR: 无法加载控制器:Blog

[ 2014-10-26T15:50:18+08:00 ] 127.0.0.1 /admin.php/Home/article/articlelist
ERR: 模板不存在:./Admin/Home/View/Article/articlelist.html

[ 2014-10-26T15:51:21+08:00 ] 127.0.0.1 /admin.php/Home/article/articlelist
ERR: 模板不存在:./Admin/Home/View/Article/articlelist.html

[ 2014-10-26T15:51:52+08:00 ] 127.0.0.1 /admin.php/Home/article/articlelist
ERR: 模板不存在:./Admin/Home/View/Article/articlelist.html

[ 2014-10-26T15:51:53+08:00 ] 127.0.0.1 /admin.php/Home/article/articlelist
ERR: 模板不存在:./Admin/Home/View/Article/articlelist.html

[ 2014-10-26T15:51:54+08:00 ] 127.0.0.1 /admin.php/Home/article/articlelist
ERR: 模板不存在:./Admin/Home/View/Article/articlelist.html

[ 2014-10-26T15:51:54+08:00 ] 127.0.0.1 /admin.php/Home/article/articlelist
ERR: 模板不存在:./Admin/Home/View/Article/articlelist.html

[ 2014-10-26T15:51:54+08:00 ] 127.0.0.1 /admin.php/Home/article/articlelist
ERR: 模板不存在:./Admin/Home/View/Article/articlelist.html

[ 2014-10-26T15:51:54+08:00 ] 127.0.0.1 /admin.php/Home/article/articlelist
ERR: 模板不存在:./Admin/Home/View/Article/articlelist.html

[ 2014-10-26T15:51:54+08:00 ] 127.0.0.1 /admin.php/Home/article/articlelist
ERR: 模板不存在:./Admin/Home/View/Article/articlelist.html

[ 2014-10-26T15:51:54+08:00 ] 127.0.0.1 /admin.php/Home/article/articlelist
ERR: 模板不存在:./Admin/Home/View/Article/articlelist.html

[ 2014-10-26T15:51:54+08:00 ] 127.0.0.1 /admin.php/Home/article/articlelist
ERR: 模板不存在:./Admin/Home/View/Article/articlelist.html

[ 2014-10-26T15:52:59+08:00 ] 127.0.0.1 /admin.php/Home/article/articlelist
ERR: 模板不存在:./Admin/Home/View/Article/articlelist.html

[ 2014-10-26T15:53:45+08:00 ] 127.0.0.1 /admin.php/Home/article/list
ERR: 非法操作:list

[ 2014-10-26T15:54:02+08:00 ] 127.0.0.1 /admin.php/Home/article/list
ERR: 非法操作:list

[ 2014-10-26T21:29:31+08:00 ] 127.0.0.1 /admin.php/Home/Index/addarticle
ERR: 模板不存在:./Admin/Home/View/Index/addarticle.html

[ 2014-10-26T21:29:41+08:00 ] 127.0.0.1 /admin.php/Home/article/add
ERR: 模板不存在:./Admin/Home/View/Index/addarticle.html

[ 2014-10-26T21:30:26+08:00 ] 127.0.0.1 /admin.php/Home/article/add
ERR: 模板不存在:./Admin/Home/View/Index/addarticle.html

[ 2014-10-26T21:31:03+08:00 ] 127.0.0.1 /admin.php/Home/article/add
ERR: 模板不存在:./Admin/Home/View/Article/add.html

