[ 2014-10-23T22:05:16+08:00 ] 127.0.0.1 /admin.php/Home/Index/__APP__/__APP__/Login
ERR: 非法操作:__APP__

[ 2014-10-23T22:12:01+08:00 ] 127.0.0.1 /admin.php/Home/Login/login
ERR: 模板不存在:./Admin/Home/View/Login/login.html

[ 2014-10-23T22:31:12+08:00 ] 127.0.0.1 /admin.php/Home/Login/login?
INFO: [ app_begin ] --START--
INFO: Run Behavior\ReadHtmlCacheBehavior [ RunTime:0.001000s ]
INFO: [ app_begin ] --END-- [ RunTime:0.002000s ]
INFO: [ view_parse ] --START--
NOTIC: [2] file_get_contents(./Admin/Home/View/Public/head.html): failed to open stream: No such file or directory D:\xampp\htdocs\cosplay\ThinkPHP\Library\Think\Template.class.php 第 696 行.
INFO: [ template_filter ] --START--
INFO: Run Behavior\ContentReplaceBehavior [ RunTime:0.000000s ]
INFO: [ template_filter ] --END-- [ RunTime:0.000000s ]
INFO: Run Behavior\ParseTemplateBehavior [ RunTime:0.015001s ]
INFO: [ view_parse ] --END-- [ RunTime:0.016001s ]
INFO: [ view_filter ] --START--
INFO: Run Behavior\WriteHtmlCacheBehavior [ RunTime:0.001000s ]
INFO: [ view_filter ] --END-- [ RunTime:0.001000s ]
INFO: [ app_end ] --START--
INFO: Run Behavior\ShowPageTraceBehavior [ RunTime:0.001000s ]
INFO: [ app_end ] --END-- [ RunTime:0.001000s ]
NOTIC: [2] file_put_contents(./Admin/Admin/Model/RoleModel.class.php): failed to open stream: No such file or directory D:\xampp\htdocs\cosplay\ThinkPHP\Library\Think\Build.class.php 第 136 行.

[ 2014-10-23T22:31:44+08:00 ] 127.0.0.1 /admin.php/Home/Login/login
INFO: [ app_begin ] --START--
INFO: Run Behavior\ReadHtmlCacheBehavior [ RunTime:0.001000s ]
INFO: [ app_begin ] --END-- [ RunTime:0.002000s ]
INFO: [ view_parse ] --START--
NOTIC: [2] file_get_contents(./Admin/Home/View/Public/head.html): failed to open stream: No such file or directory D:\xampp\htdocs\cosplay\ThinkPHP\Library\Think\Template.class.php 第 696 行.
INFO: [ template_filter ] --START--
INFO: Run Behavior\ContentReplaceBehavior [ RunTime:0.000000s ]
INFO: [ template_filter ] --END-- [ RunTime:0.001000s ]
INFO: Run Behavior\ParseTemplateBehavior [ RunTime:0.014000s ]
INFO: [ view_parse ] --END-- [ RunTime:0.014000s ]
INFO: [ view_filter ] --START--
INFO: Run Behavior\WriteHtmlCacheBehavior [ RunTime:0.005001s ]
INFO: [ view_filter ] --END-- [ RunTime:0.005001s ]
INFO: [ app_end ] --START--
INFO: Run Behavior\ShowPageTraceBehavior [ RunTime:0.005000s ]
INFO: [ app_end ] --END-- [ RunTime:0.005000s ]
NOTIC: [2] file_put_contents(./Admin/Admin/Model/RoleModel.class.php): failed to open stream: No such file or directory D:\xampp\htdocs\cosplay\ThinkPHP\Library\Think\Build.class.php 第 136 行.

[ 2014-10-23T22:40:46+08:00 ] 127.0.0.1 /admin.php/Home/login/login.html
INFO: [ app_begin ] --START--
INFO: Run Behavior\ReadHtmlCacheBehavior [ RunTime:0.003000s ]
INFO: [ app_begin ] --END-- [ RunTime:0.004000s ]
INFO: [ view_parse ] --START--
NOTIC: [2] file_get_contents(./Admin/Home/View/Public/head.html): failed to open stream: No such file or directory D:\xampp\htdocs\cosplay\ThinkPHP\Library\Think\Template.class.php 第 696 行.
INFO: [ template_filter ] --START--
INFO: Run Behavior\ContentReplaceBehavior [ RunTime:0.000000s ]
INFO: [ template_filter ] --END-- [ RunTime:0.000000s ]
INFO: Run Behavior\ParseTemplateBehavior [ RunTime:0.014000s ]
INFO: [ view_parse ] --END-- [ RunTime:0.014000s ]
INFO: [ view_filter ] --START--
INFO: Run Behavior\WriteHtmlCacheBehavior [ RunTime:0.001000s ]
INFO: [ view_filter ] --END-- [ RunTime:0.001000s ]
INFO: [ app_end ] --START--
INFO: Run Behavior\ShowPageTraceBehavior [ RunTime:0.002001s ]
INFO: [ app_end ] --END-- [ RunTime:0.002001s ]
NOTIC: [2] file_put_contents(./Admin/Admin/Model/RoleModel.class.php): failed to open stream: No such file or directory D:\xampp\htdocs\cosplay\ThinkPHP\Library\Think\Build.class.php 第 136 行.

[ 2014-10-23T22:46:30+08:00 ] 127.0.0.1 /admin.php/Home/login/login.html
INFO: [ app_begin ] --START--
INFO: Run Behavior\ReadHtmlCacheBehavior [ RunTime:0.039002s ]
INFO: [ app_begin ] --END-- [ RunTime:0.042002s ]
NOTIC: [8] Array to string conversion D:\xampp\htdocs\cosplay\Admin\Home\Controller\LoginController.class.php 第 12 行.
INFO: [ view_parse ] --START--
NOTIC: [2] file_get_contents(./Admin/Home/View/Public/head.html): failed to open stream: No such file or directory D:\xampp\htdocs\cosplay\ThinkPHP\Library\Think\Template.class.php 第 696 行.
INFO: [ template_filter ] --START--
INFO: Run Behavior\ContentReplaceBehavior [ RunTime:0.000000s ]
INFO: [ template_filter ] --END-- [ RunTime:0.000000s ]
INFO: Run Behavior\ParseTemplateBehavior [ RunTime:0.115007s ]
INFO: [ view_parse ] --END-- [ RunTime:0.115007s ]
INFO: [ view_filter ] --START--
INFO: Run Behavior\WriteHtmlCacheBehavior [ RunTime:0.037002s ]
INFO: [ view_filter ] --END-- [ RunTime:0.037002s ]
INFO: [ app_end ] --START--
INFO: Run Behavior\ShowPageTraceBehavior [ RunTime:0.010001s ]
INFO: [ app_end ] --END-- [ RunTime:0.010001s ]
NOTIC: [2] file_put_contents(./Admin/Admin/Model/RoleModel.class.php): failed to open stream: No such file or directory D:\xampp\htdocs\cosplay\ThinkPHP\Library\Think\Build.class.php 第 136 行.

[ 2014-10-23T22:46:57+08:00 ] 127.0.0.1 /admin.php/Home/login/login.html
INFO: [ app_begin ] --START--
INFO: Run Behavior\ReadHtmlCacheBehavior [ RunTime:0.001001s ]
INFO: [ app_begin ] --END-- [ RunTime:0.002001s ]

[ 2014-10-23T22:53:28+08:00 ] 127.0.0.1 /admin.php/Home/login/login.html
INFO: [ app_begin ] --START--
INFO: Run Behavior\ReadHtmlCacheBehavior [ RunTime:0.001000s ]
INFO: [ app_begin ] --END-- [ RunTime:0.002001s ]

[ 2014-10-23T22:53:47+08:00 ] 127.0.0.1 /admin.php/Home/login/login.html
INFO: [ app_begin ] --START--
INFO: Run Behavior\ReadHtmlCacheBehavior [ RunTime:0.001001s ]
INFO: [ app_begin ] --END-- [ RunTime:0.002001s ]

[ 2014-10-23T22:54:13+08:00 ] 127.0.0.1 /admin.php/Home/login/login.html
INFO: [ app_begin ] --START--
INFO: Run Behavior\ReadHtmlCacheBehavior [ RunTime:0.001001s ]
INFO: [ app_begin ] --END-- [ RunTime:0.002001s ]
NOTIC: [8192] mysql_connect(): The mysql extension is deprecated and will be removed in the future: use mysqli or PDO instead D:\xampp\htdocs\cosplay\ThinkPHP\Library\Think\Db\Driver\Mysql.class.php 第 52 行.
SQL: SHOW COLUMNS FROM `cs_adminuser` [ RunTime:0.020001s ]
SQL: SELECT * FROM `cs_adminuser`  [ RunTime:0.001000s ]
INFO: [ view_parse ] --START--
NOTIC: [2] file_get_contents(./Admin/Home/View/Public/head.html): failed to open stream: No such file or directory D:\xampp\htdocs\cosplay\ThinkPHP\Library\Think\Template.class.php 第 696 行.
INFO: [ template_filter ] --START--
INFO: Run Behavior\ContentReplaceBehavior [ RunTime:0.000000s ]
INFO: [ template_filter ] --END-- [ RunTime:0.000000s ]
INFO: Run Behavior\ParseTemplateBehavior [ RunTime:0.011001s ]
INFO: [ view_parse ] --END-- [ RunTime:0.011001s ]
INFO: [ view_filter ] --START--
INFO: Run Behavior\WriteHtmlCacheBehavior [ RunTime:0.001000s ]
INFO: [ view_filter ] --END-- [ RunTime:0.001000s ]
INFO: [ app_end ] --START--
INFO: Run Behavior\ShowPageTraceBehavior [ RunTime:0.001000s ]
INFO: [ app_end ] --END-- [ RunTime:0.001000s ]
NOTIC: [2] file_put_contents(./Admin/Admin/Model/RoleModel.class.php): failed to open stream: No such file or directory D:\xampp\htdocs\cosplay\ThinkPHP\Library\Think\Build.class.php 第 136 行.

